2020/01/28 10:50:09 [INFO] Terraform version: 0.12.17 dev 
2020/01/28 10:50:09 [INFO] Go runtime version: go1.13.1
2020/01/28 10:50:09 [INFO] CLI args: []string{"/Users/vaangadi/go/bin/terraform", "-version"}
2020/01/28 10:50:09 [DEBUG] Attempting to open CLI config file: /Users/vaangadi/.terraformrc
2020/01/28 10:50:09 [DEBUG] File doesn't exist, but doesn't need to. Ignoring.
2020/01/28 10:50:09 [INFO] CLI command args: []string{"version", "-version"}
2020/01/28 10:50:09 [DEBUG] checking for provider in "."
2020/01/28 10:50:09 [DEBUG] checking for provider in "/Users/vaangadi/go/bin"
2020/01/28 10:50:09 [WARN] found legacy provider "terraform-provider-azurerm"
2020/01/28 10:50:09 [DEBUG] found valid plugin: "azurerm", "0.0.0", "/Users/vaangadi/go/bin/terraform-provider-azurerm"
2020/01/28 10:50:09 [INFO] Failed to read plugin lock file .terraform/plugins/darwin_amd64/lock.json: open .terraform/plugins/darwin_amd64/lock.json: no such file or directory
2020/01/28 10:50:13 [INFO] Terraform version: 0.12.17 dev 
2020/01/28 10:50:13 [INFO] Go runtime version: go1.13.1
2020/01/28 10:50:13 [INFO] CLI args: []string{"/Users/vaangadi/go/bin/terraform", "-version"}
2020/01/28 10:50:13 [DEBUG] Attempting to open CLI config file: /Users/vaangadi/.terraformrc
2020/01/28 10:50:13 [DEBUG] File doesn't exist, but doesn't need to. Ignoring.
2020/01/28 10:50:13 [INFO] CLI command args: []string{"version", "-version"}
2020/01/28 10:50:13 [DEBUG] checking for provider in "."
2020/01/28 10:50:13 [DEBUG] checking for provider in "/Users/vaangadi/go/bin"
2020/01/28 10:50:13 [WARN] found legacy provider "terraform-provider-azurerm"
2020/01/28 10:50:13 [DEBUG] found valid plugin: "azurerm", "0.0.0", "/Users/vaangadi/go/bin/terraform-provider-azurerm"
2020/01/28 10:50:13 [INFO] Failed to read plugin lock file .terraform/plugins/darwin_amd64/lock.json: open .terraform/plugins/darwin_amd64/lock.json: no such file or directory
2020/01/28 10:50:13 [INFO] Terraform version: 0.11.11  
2020/01/28 10:50:13 [INFO] Go runtime version: go1.11.4
2020/01/28 10:50:13 [INFO] CLI args: []string{"/usr/local/Cellar/terraform/0.11.11/bin/terraform", "-version"}
2020/01/28 10:50:13 [DEBUG] Attempting to open CLI config file: /Users/vaangadi/.terraformrc
2020/01/28 10:50:13 [DEBUG] File doesn't exist, but doesn't need to. Ignoring.
2020/01/28 10:50:13 [INFO] CLI command args: []string{"version", "-version"}
2020/01/28 10:50:13 [DEBUG] checking for provider in "."
2020/01/28 10:50:13 [DEBUG] checking for provider in "/usr/local/Cellar/terraform/0.11.11/bin"
2020/01/28 10:50:13 [INFO] Failed to read plugin lock file .terraform/plugins/darwin_amd64/lock.json: open .terraform/plugins/darwin_amd64/lock.json: no such file or directory
2020/01/28 10:50:14 [DEBUG] plugin: waiting for all plugin processes to complete...
2020/01/28 10:50:14 [INFO] Terraform version: 0.12.17 dev 
2020/01/28 10:50:14 [INFO] Go runtime version: go1.13.1
2020/01/28 10:50:14 [INFO] CLI args: []string{"/Users/vaangadi/go/bin/terraform", "--version"}
2020/01/28 10:50:14 [DEBUG] Attempting to open CLI config file: /Users/vaangadi/.terraformrc
2020/01/28 10:50:14 [DEBUG] File doesn't exist, but doesn't need to. Ignoring.
2020/01/28 10:50:14 [INFO] CLI command args: []string{"version", "--version"}
2020/01/28 10:50:14 [DEBUG] checking for provider in "."
2020/01/28 10:50:14 [DEBUG] checking for provider in "/Users/vaangadi/go/bin"
2020/01/28 10:50:14 [WARN] found legacy provider "terraform-provider-azurerm"
2020/01/28 10:50:14 [DEBUG] found valid plugin: "azurerm", "0.0.0", "/Users/vaangadi/go/bin/terraform-provider-azurerm"
2020/01/28 10:50:14 [INFO] Failed to read plugin lock file .terraform/plugins/darwin_amd64/lock.json: open .terraform/plugins/darwin_amd64/lock.json: no such file or directory
